AndroidChatClient/app/build/outputs/logs/manifest-merger-debug-report.txt
-- Merging decision tree log ---
manifest
ADDED from src\main\AndroidManifest.xml:2:1-30:12
	package
		ADDED from src\main\AndroidManifest.xml:3:5-44
		INJECTED from src\main\AndroidManifest.xml
		INJECTED from src\main\AndroidManifest.xml
	android:versionName
		ADDED from src\main\AndroidManifest.xml:5:5-30
		INJECTED from src\main\AndroidManifest.xml
		INJECTED from src\main\AndroidManifest.xml
	android:versionCode
		ADDED from src\main\AndroidManifest.xml:4:5-28
		INJECTED from src\main\AndroidManifest.xml
		INJECTED from src\main\AndroidManifest.xml
	xmlns:android
		ADDED from src\main\AndroidManifest.xml:2:11-69
uses-permission#android.permission.INTERNET
ADDED from src\main\AndroidManifest.xml:8:5-66
	android:name
		ADDED from src\main\AndroidManifest.xml:8:22-64
uses-permission#android.permission.ACCESS_NETWORK_STATE
ADDED from src\main\AndroidManifest.xml:9:5-79
	android:name
		ADDED from src\main\AndroidManifest.xml:9:22-76
application
ADDED from src\main\AndroidManifest.xml:12:5-28:19
MERGED from [com.android.support:appcompat-v7:24.0.0] AndroidManifest.xml:25:5-20
MERGED from [com.android.support:animated-vector-drawable:24.0.0] AndroidManifest.xml:22:5-20
MERGED from [com.android.support:support-vector-drawable:24.0.0] AndroidManifest.xml:23:5-20
MERGED from [com.android.support:support-v4:24.0.0] AndroidManifest.xml:25:5-20
	android:label
		ADDED from src\main\AndroidManifest.xml:15:9-41
	android:allowBackup
		ADDED from src\main\AndroidManifest.xml:13:9-35
	android:icon
		ADDED from src\main\AndroidManifest.xml:14:9-45
	android:theme
		ADDED from src\main\AndroidManifest.xml:16:9-40
activity#com.example.androidchatclient.MainActivity
ADDED from src\main\AndroidManifest.xml:17:9-27:20
	android:label
		ADDED from src\main\AndroidManifest.xml:19:13-45
	android:windowSoftInputMode
		ADDED from src\main\AndroidManifest.xml:20:13-68
	android:name
		ADDED from src\main\AndroidManifest.xml:18:13-41
intent-filter#android.intent.action.MAIN+android.intent.category.LAUNCHER
ADDED from src\main\AndroidManifest.xml:22:13-26:29
action#android.intent.action.MAIN
ADDED from src\main\AndroidManifest.xml:23:17-69
	android:name
		ADDED from src\main\AndroidManifest.xml:23:25-66
category#android.intent.category.LAUNCHER
ADDED from src\main\AndroidManifest.xml:25:17-77
	android:name
		ADDED from src\main\AndroidManifest.xml:25:27-74
uses-sdk
INJECTED from src\main\AndroidManifest.xml reason: use-sdk injection requested
MERGED from [com.android.support:appcompat-v7:24.0.0] AndroidManifest.xml:21:5-23:78
MERGED from [com.android.support:animated-vector-drawable:24.0.0] AndroidManifest.xml:20:5-44
MERGED from [com.android.support:support-vector-drawable:24.0.0] AndroidManifest.xml:21:5-43
MERGED from [com.android.support:support-v4:24.0.0] AndroidManifest.xml:21:5-23:54
	tools:overrideLibrary
		ADDED from [com.android.support:appcompat-v7:24.0.0] AndroidManifest.xml:23:9-75
	android:targetSdkVersion
		INJECTED from src\main\AndroidManifest.xml
		INJECTED from src\main\AndroidManifest.xml
	android:minSdkVersion
		INJECTED from src\main\AndroidManifest.xml
		INJECTED from src\main\AndroidManifest.xml